This file contains any messages produced by compilers while
running configure, to aid debugging if configure makes a mistake.

It was created by libmaxminddb configure 1.6.0, which was
generated by GNU Autoconf 2.69.  Invocation command line was

  $ ./configure 

## --------- ##
## Platform. ##
## --------- ##

hostname = localhost.localdomain
uname -m = x86_64
uname -r = 3.10.0-1160.59.1.el7.x86_64
uname -s = Linux
uname -v = #1 SMP Wed Feb 23 16:47:03 UTC 2022

/usr/bin/uname -p = x86_64
/bin/uname -X     = unknown

/bin/arch              = x86_64
/usr/bin/arch -k       = unknown
/usr/convex/getsysinfo = unknown
/usr/bin/hostinfo      = unknown
/bin/machine           = unknown
/usr/bin/oslevel       = unknown
/bin/universe          = unknown

PATH: /usr/local/sbin
PATH: /usr/local/bin
PATH: /usr/sbin
PATH: /usr/bin
PATH: /root/bin


## ----------- ##
## Core tests. ##
## ----------- ##

configure:2404: checking for pkg-config
configure:2422: found /usr/bin/pkg-config
configure:2434: result: /usr/bin/pkg-config
configure:2459: checking pkg-config is at least version 0.9.0
configure:2462: result: yes
configure:2546: checking build system type
configure:2560: result: x86_64-unknown-linux-gnu
configure:2580: checking host system type
configure:2593: result: x86_64-unknown-linux-gnu
configure:2634: checking how to print strings
configure:2661: result: printf
configure:2730: checking for gcc
configure:2746: found /usr/bin/gcc
configure:2757: result: gcc
configure:2986: checking for C compiler version
configure:2995: gcc --version >&5
gcc (GCC) 4.8.5 20150623 (Red Hat 4.8.5-44)
Copyright (C) 2015 Free Software Foundation, Inc.
This is free software; see the source for copying conditions.  There is NO
warranty; not even for MERCHANTABILITY or FITNESS FOR A PARTICULAR PURPOSE.

configure:3006: $? = 0
configure:2995: gcc -v >&5
Using built-in specs.
COLLECT_GCC=gcc
COLLECT_LTO_WRAPPER=/usr/libexec/gcc/x86_64-redhat-linux/4.8.5/lto-wrapper
Target: x86_64-redhat-linux
Configured with: ../configure --prefix=/usr --mandir=/usr/share/man --infodir=/usr/share/info --with-bugurl=http://bugzilla.redhat.com/bugzilla --enable-bootstrap --enable-shared --enable-threads=posix --enable-checking=release --with-system-zlib --enable-__cxa_atexit --disable-libunwind-exceptions --enable-gnu-unique-object --enable-linker-build-id --with-linker-hash-style=gnu --enable-languages=c,c++,objc,obj-c++,java,fortran,ada,go,lto --enable-plugin --enable-initfini-array --disable-libgcj --with-isl=/builddir/build/BUILD/gcc-4.8.5-20150702/obj-x86_64-redhat-linux/isl-install --with-cloog=/builddir/build/BUILD/gcc-4.8.5-20150702/obj-x86_64-redhat-linux/cloog-install --enable-gnu-indirect-function --with-tune=generic --with-arch_32=x86-64 --build=x86_64-redhat-linux
Thread model: posix
gcc version 4.8.5 20150623 (Red Hat 4.8.5-44) (GCC) 
configure:3006: $? = 0
configure:2995: gcc -V >&5
gcc: error: unrecognized command line option '-V'
gcc: fatal error: no input files
compilation terminated.
configure:3006: $? = 4
configure:2995: gcc -qversion >&5
gcc: error: unrecognized command line option '-qversion'
gcc: fatal error: no input files
compilation terminated.
configure:3006: $? = 4
configure:3026: checking whether the C compiler works
configure:3048: gcc    conftest.c  >&5
configure:3052: $? = 0
configure:3100: result: yes
configure:3103: checking for C compiler default output file name
configure:3105: result: a.out
configure:3111: checking for suffix of executables
configure:3118: gcc -o conftest    conftest.c  >&5
configure:3122: $? = 0
configure:3144: result: 
configure:3166: checking whether we are cross compiling
configure:3174: gcc -o conftest    conftest.c  >&5
configure:3178: $? = 0
configure:3185: ./conftest
configure:3189: $? = 0
configure:3204: result: no
configure:3209: checking for suffix of object files
configure:3231: gcc -c   conftest.c >&5
configure:3235: $? = 0
configure:3256: result: o
configure:3260: checking whether we are using the GNU C compiler
configure:3279: gcc -c   conftest.c >&5
configure:3279: $? = 0
configure:3288: result: yes
configure:3297: checking whether gcc accepts -g
configure:3317: gcc -c -g  conftest.c >&5
configure:3317: $? = 0
configure:3358: result: yes
configure:3375: checking for gcc option to accept ISO C89
configure:3438: gcc  -c -g -O2  conftest.c >&5
configure:3438: $? = 0
configure:3451: result: none needed
configure:3471: checking for a sed that does not truncate output
configure:3535: result: /usr/bin/sed
configure:3553: checking for grep that handles long lines and -e
configure:3611: result: /usr/bin/grep
configure:3616: checking for egrep
configure:3678: result: /usr/bin/grep -E
configure:3683: checking for fgrep
configure:3745: result: /usr/bin/grep -F
configure:3780: checking for ld used by gcc
configure:3847: result: /usr/bin/ld
configure:3854: checking if the linker (/usr/bin/ld) is GNU ld
configure:3869: result: yes
configure:3881: checking for BSD- or MS-compatible name lister (nm)
configure:3930: result: /usr/bin/nm -B
configure:4060: checking the name lister (/usr/bin/nm -B) interface
configure:4067: gcc -c -g -O2  conftest.c >&5
configure:4070: /usr/bin/nm -B "conftest.o"
configure:4073: output
0000000000000000 B some_variable
configure:4080: result: BSD nm
configure:4083: checking whether ln -s works
configure:4087: result: yes
configure:4095: checking the maximum length of command line arguments
configure:4225: result: 1572864
configure:4242: checking whether the shell understands some XSI constructs
configure:4252: result: yes
configure:4256: checking whether the shell understands "+="
configure:4262: result: yes
configure:4297: checking how to convert x86_64-unknown-linux-gnu file names to x86_64-unknown-linux-gnu format
configure:4337: result: func_convert_file_noop
configure:4344: checking how to convert x86_64-unknown-linux-gnu file names to toolchain format
configure:4364: result: func_convert_file_noop
configure:4371: checking for /usr/bin/ld option to reload object files
configure:4378: result: -r
configure:4452: checking for objdump
configure:4468: found /usr/bin/objdump
configure:4479: result: objdump
configure:4511: checking how to recognize dependent libraries
configure:4713: result: pass_all
configure:4798: checking for dlltool
configure:4828: result: no
configure:4858: checking how to associate runtime and link libraries
configure:4885: result: printf %s\n
configure:4946: checking for ar
configure:4962: found /usr/bin/ar
configure:4973: result: ar
configure:5010: checking for archiver @FILE support
configure:5027: gcc -c -g -O2  conftest.c >&5
configure:5027: $? = 0
configure:5030: ar cru libconftest.a @conftest.lst >&5
configure:5033: $? = 0
configure:5038: ar cru libconftest.a @conftest.lst >&5
ar: conftest.o: No such file or directory
configure:5041: $? = 1
configure:5053: result: @
configure:5111: checking for strip
configure:5127: found /usr/bin/strip
configure:5138: result: strip
configure:5210: checking for ranlib
configure:5226: found /usr/bin/ranlib
configure:5237: result: ranlib
configure:5314: checking for gawk
configure:5330: found /usr/bin/gawk
configure:5341: result: gawk
configure:5381: checking command to parse /usr/bin/nm -B output from gcc object
configure:5501: gcc -c -g -O2  conftest.c >&5
configure:5504: $? = 0
configure:5508: /usr/bin/nm -B conftest.o \| sed -n -e 's/^.*[ ]\([ABCDGIRSTW][ABCDGIRSTW]*\)[ ][ ]*\([_A-Za-z][_A-Za-z0-9]*\)$/\1 \2 \2/p' | sed '/ __gnu_lto/d' \> conftest.nm
configure:5511: $? = 0
configure:5577: gcc -o conftest -g -O2   conftest.c conftstm.o >&5
configure:5580: $? = 0
configure:5618: result: ok
configure:5655: checking for sysroot
configure:5685: result: no
configure:5762: gcc -c -g -O2  conftest.c >&5
configure:5765: $? = 0
configure:5941: checking for mt
configure:5971: result: no
configure:5991: checking if : is a manifest tool
configure:5997: : '-?'
configure:6005: result: no
configure:6647: checking how to run the C preprocessor
configure:6678: gcc -E  conftest.c
configure:6678: $? = 0
configure:6692: gcc -E  conftest.c
conftest.c:9:28: fatal error: ac_nonexistent.h: No such file or directory
 #include <ac_nonexistent.h>
                            ^
compilation terminated.
configure:6692: $? = 1
configure: failed program was:
| /* confdefs.h */
| #define PACKAGE_NAME "libmaxminddb"
| #define PACKAGE_TARNAME "libmaxminddb"
| #define PACKAGE_VERSION "1.6.0"
| #define PACKAGE_STRING "libmaxminddb 1.6.0"
| #define PACKAGE_BUGREPORT "support@maxmind.com"
| #define PACKAGE_URL ""
| /* end confdefs.h.  */
| #include <ac_nonexistent.h>
configure:6717: result: gcc -E
configure:6737: gcc -E  conftest.c
configure:6737: $? = 0
configure:6751: gcc -E  conftest.c
conftest.c:9:28: fatal error: ac_nonexistent.h: No such file or directory
 #include <ac_nonexistent.h>
                            ^
compilation terminated.
configure:6751: $? = 1
configure: failed program was:
| /* confdefs.h */
| #define PACKAGE_NAME "libmaxminddb"
| #define PACKAGE_TARNAME "libmaxminddb"
| #define PACKAGE_VERSION "1.6.0"
| #define PACKAGE_STRING "libmaxminddb 1.6.0"
| #define PACKAGE_BUGREPORT "support@maxmind.com"
| #define PACKAGE_URL ""
| /* end confdefs.h.  */
| #include <ac_nonexistent.h>
configure:6780: checking for ANSI C header files
configure:6800: gcc -c -g -O2  conftest.c >&5
configure:6800: $? = 0
configure:6873: gcc -o conftest -g -O2   conftest.c  >&5
configure:6873: $? = 0
configure:6873: ./conftest
configure:6873: $? = 0
configure:6884: result: yes
configure:6897: checking for sys/types.h
configure:6897: gcc -c -g -O2  conftest.c >&5
configure:6897: $? = 0
configure:6897: result: yes
configure:6897: checking for sys/stat.h
configure:6897: gcc -c -g -O2  conftest.c >&5
configure:6897: $? = 0
configure:6897: result: yes
configure:6897: checking for stdlib.h
configure:6897: gcc -c -g -O2  conftest.c >&5
configure:6897: $? = 0
configure:6897: result: yes
configure:6897: checking for string.h
configure:6897: gcc -c -g -O2  conftest.c >&5
configure:6897: $? = 0
configure:6897: result: yes
configure:6897: checking for memory.h
configure:6897: gcc -c -g -O2  conftest.c >&5
configure:6897: $? = 0
configure:6897: result: yes
configure:6897: checking for strings.h
configure:6897: gcc -c -g -O2  conftest.c >&5
configure:6897: $? = 0
configure:6897: result: yes
configure:6897: checking for inttypes.h
configure:6897: gcc -c -g -O2  conftest.c >&5
configure:6897: $? = 0
configure:6897: result: yes
configure:6897: checking for stdint.h
configure:6897: gcc -c -g -O2  conftest.c >&5
configure:6897: $? = 0
configure:6897: result: yes
configure:6897: checking for unistd.h
configure:6897: gcc -c -g -O2  conftest.c >&5
configure:6897: $? = 0
configure:6897: result: yes
configure:6911: checking for dlfcn.h
configure:6911: gcc -c -g -O2  conftest.c >&5
configure:6911: $? = 0
configure:6911: result: yes
configure:7117: checking for objdir
configure:7132: result: .libs
configure:7399: checking if gcc supports -fno-rtti -fno-exceptions
configure:7417: gcc -c -g -O2  -fno-rtti -fno-exceptions conftest.c >&5
cc1: warning: command line option '-fno-rtti' is valid for C++/ObjC++ but not for C [enabled by default]
configure:7421: $? = 0
configure:7434: result: no
configure:7761: checking for gcc option to produce PIC
configure:7768: result: -fPIC -DPIC
configure:7776: checking if gcc PIC flag -fPIC -DPIC works
configure:7794: gcc -c -g -O2  -fPIC -DPIC -DPIC conftest.c >&5
configure:7798: $? = 0
configure:7811: result: yes
configure:7840: checking if gcc static flag -static works
configure:7868: result: no
configure:7883: checking if gcc supports -c -o file.o
configure:7904: gcc -c -g -O2  -o out/conftest2.o conftest.c >&5
configure:7908: $? = 0
configure:7930: result: yes
configure:7938: checking if gcc supports -c -o file.o
configure:7985: result: yes
configure:8018: checking whether the gcc linker (/usr/bin/ld -m elf_x86_64) supports shared libraries
configure:9171: result: yes
configure:9208: checking whether -lc should be explicitly linked in
configure:9216: gcc -c -g -O2  conftest.c >&5
configure:9219: $? = 0
configure:9234: gcc -shared  -fPIC -DPIC conftest.o  -v -Wl,-soname -Wl,conftest -o conftest 2\>\&1 \| /usr/bin/grep  -lc  \>/dev/null 2\>\&1
configure:9237: $? = 0
configure:9251: result: no
configure:9411: checking dynamic linker characteristics
configure:9922: gcc -o conftest -g -O2   -Wl,-rpath -Wl,/foo conftest.c  >&5
configure:9922: $? = 0
configure:10148: result: GNU/Linux ld.so
configure:10255: checking how to hardcode library paths into programs
configure:10280: result: immediate
configure:10820: checking whether stripping libraries is possible
configure:10825: result: yes
configure:10860: checking if libtool supports shared libraries
configure:10862: result: yes
configure:10865: checking whether to build shared libraries
configure:10886: result: yes
configure:10889: checking whether to build static libraries
configure:10893: result: yes
configure:10946: checking for a BSD-compatible install
configure:11014: result: /usr/bin/install -c
configure:11025: checking whether build environment is sane
configure:11080: result: yes
configure:11231: checking for a thread-safe mkdir -p
configure:11270: result: /usr/bin/mkdir -p
configure:11273: checking whether make sets $(MAKE)
configure:11295: result: yes
configure:11325: checking for style of include used by make
configure:11353: result: GNU
configure:11387: checking whether make supports nested variables
configure:11404: result: yes
configure:11489: checking dependency style of gcc
configure:11600: result: gcc3
configure:11618: checking for gcc option to accept ISO C99
configure:11767: gcc  -c -g -O2  conftest.c >&5
conftest.c:73:29: error: expected ';', ',' or ')' before 'text'
 test_restrict (ccp restrict text)
                             ^
conftest.c: In function 'main':
conftest.c:127:18: error: expected '=', ',', ';', 'asm' or '__attribute__' before 'newvar'
   char *restrict newvar = "Another string";
                  ^
conftest.c:127:18: error: 'newvar' undeclared (first use in this function)
conftest.c:127:18: note: each undeclared identifier is reported only once for each function it appears in
conftest.c:137:3: error: 'for' loop initial declarations are only allowed in C99 mode
   for (int i = 0; i < ia->datasize; ++i)
   ^
conftest.c:137:3: note: use option -std=c99 or -std=gnu99 to compile your code
configure:11767: $? = 1
configure: failed program was:
| /* confdefs.h */
| #define PACKAGE_NAME "libmaxminddb"
| #define PACKAGE_TARNAME "libmaxminddb"
| #define PACKAGE_VERSION "1.6.0"
| #define PACKAGE_STRING "libmaxminddb 1.6.0"
| #define PACKAGE_BUGREPORT "support@maxmind.com"
| #define PACKAGE_URL ""
| #define STDC_HEADERS 1
| #define HAVE_SYS_TYPES_H 1
| #define HAVE_SYS_STAT_H 1
| #define HAVE_STDLIB_H 1
| #define HAVE_STRING_H 1
| #define HAVE_MEMORY_H 1
| #define HAVE_STRINGS_H 1
| #define HAVE_INTTYPES_H 1
| #define HAVE_STDINT_H 1
| #define HAVE_UNISTD_H 1
| #define HAVE_DLFCN_H 1
| #define LT_OBJDIR ".libs/"
| #define PACKAGE "libmaxminddb"
| #define VERSION "1.6.0"
| /* end confdefs.h.  */
| #include <stdarg.h>
| #include <stdbool.h>
| #include <stdlib.h>
| #include <wchar.h>
| #include <stdio.h>
| 
| // Check varargs macros.  These examples are taken from C99 6.10.3.5.
| #define debug(...) fprintf (stderr, __VA_ARGS__)
| #define showlist(...) puts (#__VA_ARGS__)
| #define report(test,...) ((test) ? puts (#test) : printf (__VA_ARGS__))
| static void
| test_varargs_macros (void)
| {
|   int x = 1234;
|   int y = 5678;
|   debug ("Flag");
|   debug ("X = %d\n", x);
|   showlist (The first, second, and third items.);
|   report (x>y, "x is %d but y is %d", x, y);
| }
| 
| // Check long long types.
| #define BIG64 18446744073709551615ull
| #define BIG32 4294967295ul
| #define BIG_OK (BIG64 / BIG32 == 4294967297ull && BIG64 % BIG32 == 0)
| #if !BIG_OK
|   your preprocessor is broken;
| #endif
| #if BIG_OK
| #else
|   your preprocessor is broken;
| #endif
| static long long int bignum = -9223372036854775807LL;
| static unsigned long long int ubignum = BIG64;
| 
| struct incomplete_array
| {
|   int datasize;
|   double data[];
| };
| 
| struct named_init {
|   int number;
|   const wchar_t *name;
|   double average;
| };
| 
| typedef const char *ccp;
| 
| static inline int
| test_restrict (ccp restrict text)
| {
|   // See if C++-style comments work.
|   // Iterate through items via the restricted pointer.
|   // Also check for declarations in for loops.
|   for (unsigned int i = 0; *(text+i) != '\0'; ++i)
|     continue;
|   return 0;
| }
| 
| // Check varargs and va_copy.
| static void
| test_varargs (const char *format, ...)
| {
|   va_list args;
|   va_start (args, format);
|   va_list args_copy;
|   va_copy (args_copy, args);
| 
|   const char *str;
|   int number;
|   float fnumber;
| 
|   while (*format)
|     {
|       switch (*format++)
| 	{
| 	case 's': // string
| 	  str = va_arg (args_copy, const char *);
| 	  break;
| 	case 'd': // int
| 	  number = va_arg (args_copy, int);
| 	  break;
| 	case 'f': // float
| 	  fnumber = va_arg (args_copy, double);
| 	  break;
| 	default:
| 	  break;
| 	}
|     }
|   va_end (args_copy);
|   va_end (args);
| }
| 
| int
| main ()
| {
| 
|   // Check bool.
|   _Bool success = false;
| 
|   // Check restrict.
|   if (test_restrict ("String literal") == 0)
|     success = true;
|   char *restrict newvar = "Another string";
| 
|   // Check varargs.
|   test_varargs ("s, d' f .", "string", 65, 34.234);
|   test_varargs_macros ();
| 
|   // Check flexible array members.
|   struct incomplete_array *ia =
|     malloc (sizeof (struct incomplete_array) + (sizeof (double) * 10));
|   ia->datasize = 10;
|   for (int i = 0; i < ia->datasize; ++i)
|     ia->data[i] = i * 1.234;
| 
|   // Check named initializers.
|   struct named_init ni = {
|     .number = 34,
|     .name = L"Test wide string",
|     .average = 543.34343,
|   };
| 
|   ni.number = 58;
| 
|   int dynamic_array[ni.number];
|   dynamic_array[ni.number - 1] = 543;
| 
|   // work around unused variable warnings
|   return (!success || bignum == 0LL || ubignum == 0uLL || newvar[0] == 'x'
| 	  || dynamic_array[ni.number - 1] != 543);
| 
|   ;
|   return 0;
| }
configure:11767: gcc -std=gnu99 -c -g -O2  conftest.c >&5
configure:11767: $? = 0
configure:11787: result: -std=gnu99
configure:11805: checking whether compiler accepts "-fms-extensions"
configure:11814: result: yes
configure:11832: checking for C/C++ restrict keyword
configure:11857: gcc -std=c99 -c -g  -fms-extensions  conftest.c >&5
configure:11857: $? = 0
configure:11865: result: __restrict
configure:11882: checking arpa/inet.h usability
configure:11882: gcc -std=c99 -c -g  -fms-extensions  conftest.c >&5
configure:11882: $? = 0
configure:11882: result: yes
configure:11882: checking arpa/inet.h presence
configure:11882: gcc -E  conftest.c
configure:11882: $? = 0
configure:11882: result: yes
configure:11882: checking for arpa/inet.h
configure:11882: result: yes
configure:11882: checking assert.h usability
configure:11882: gcc -std=c99 -c -g  -fms-extensions  conftest.c >&5
configure:11882: $? = 0
configure:11882: result: yes
configure:11882: checking assert.h presence
configure:11882: gcc -E  conftest.c
configure:11882: $? = 0
configure:11882: result: yes
configure:11882: checking for assert.h
configure:11882: result: yes
configure:11882: checking fcntl.h usability
configure:11882: gcc -std=c99 -c -g  -fms-extensions  conftest.c >&5
configure:11882: $? = 0
configure:11882: result: yes
configure:11882: checking fcntl.h presence
configure:11882: gcc -E  conftest.c
configure:11882: $? = 0
configure:11882: result: yes
configure:11882: checking for fcntl.h
configure:11882: result: yes
configure:11882: checking for inttypes.h
configure:11882: result: yes
configure:11882: checking libgen.h usability
configure:11882: gcc -std=c99 -c -g  -fms-extensions  conftest.c >&5
configure:11882: $? = 0
configure:11882: result: yes
configure:11882: checking libgen.h presence
configure:11882: gcc -E  conftest.c
configure:11882: $? = 0
configure:11882: result: yes
configure:11882: checking for libgen.h
configure:11882: result: yes
configure:11882: checking math.h usability
configure:11882: gcc -std=c99 -c -g  -fms-extensions  conftest.c >&5
configure:11882: $? = 0
configure:11882: result: yes
configure:11882: checking math.h presence
configure:11882: gcc -E  conftest.c
configure:11882: $? = 0
configure:11882: result: yes
configure:11882: checking for math.h
configure:11882: result: yes
configure:11882: checking netdb.h usability
configure:11882: gcc -std=c99 -c -g  -fms-extensions  conftest.c >&5
configure:11882: $? = 0
configure:11882: result: yes
configure:11882: checking netdb.h presence
configure:11882: gcc -E  conftest.c
configure:11882: $? = 0
configure:11882: result: yes
configure:11882: checking for netdb.h
configure:11882: result: yes
configure:11882: checking netinet/in.h usability
configure:11882: gcc -std=c99 -c -g  -fms-extensions  conftest.c >&5
configure:11882: $? = 0
configure:11882: result: yes
configure:11882: checking netinet/in.h presence
configure:11882: gcc -E  conftest.c
configure:11882: $? = 0
configure:11882: result: yes
configure:11882: checking for netinet/in.h
configure:11882: result: yes
configure:11882: checking stdarg.h usability
configure:11882: gcc -std=c99 -c -g  -fms-extensions  conftest.c >&5
configure:11882: $? = 0
configure:11882: result: yes
configure:11882: checking stdarg.h presence
configure:11882: gcc -E  conftest.c
configure:11882: $? = 0
configure:11882: result: yes
configure:11882: checking for stdarg.h
configure:11882: result: yes
configure:11882: checking stdbool.h usability
configure:11882: gcc -std=c99 -c -g  -fms-extensions  conftest.c >&5
configure:11882: $? = 0
configure:11882: result: yes
configure:11882: checking stdbool.h presence
configure:11882: gcc -E  conftest.c
configure:11882: $? = 0
configure:11882: result: yes
configure:11882: checking for stdbool.h
configure:11882: result: yes
configure:11882: checking for stdint.h
configure:11882: result: yes
configure:11882: checking stdio.h usability
configure:11882: gcc -std=c99 -c -g  -fms-extensions  conftest.c >&5
configure:11882: $? = 0
configure:11882: result: yes
configure:11882: checking stdio.h presence
configure:11882: gcc -E  conftest.c
configure:11882: $? = 0
configure:11882: result: yes
configure:11882: checking for stdio.h
configure:11882: result: yes
configure:11882: checking for stdlib.h
configure:11882: result: yes
configure:11882: checking for string.h
configure:11882: result: yes
configure:11882: checking sys/mman.h usability
configure:11882: gcc -std=c99 -c -g  -fms-extensions  conftest.c >&5
configure:11882: $? = 0
configure:11882: result: yes
configure:11882: checking sys/mman.h presence
configure:11882: gcc -E  conftest.c
configure:11882: $? = 0
configure:11882: result: yes
configure:11882: checking for sys/mman.h
configure:11882: result: yes
configure:11882: checking sys/socket.h usability
configure:11882: gcc -std=c99 -c -g  -fms-extensions  conftest.c >&5
configure:11882: $? = 0
configure:11882: result: yes
configure:11882: checking sys/socket.h presence
configure:11882: gcc -E  conftest.c
configure:11882: $? = 0
configure:11882: result: yes
configure:11882: checking for sys/socket.h
configure:11882: result: yes
configure:11882: checking for sys/stat.h
configure:11882: result: yes
configure:11882: checking sys/time.h usability
configure:11882: gcc -std=c99 -c -g  -fms-extensions  conftest.c >&5
configure:11882: $? = 0
configure:11882: result: yes
configure:11882: checking sys/time.h presence
configure:11882: gcc -E  conftest.c
configure:11882: $? = 0
configure:11882: result: yes
configure:11882: checking for sys/time.h
configure:11882: result: yes
configure:11882: checking for sys/types.h
configure:11882: result: yes
configure:11882: checking for unistd.h
configure:11882: result: yes
configure:11904: checking for off_t
configure:11904: gcc -std=c99 -c -g  -fms-extensions  conftest.c >&5
configure:11904: $? = 0
configure:11904: gcc -std=c99 -c -g  -fms-extensions  conftest.c >&5
conftest.c: In function 'main':
conftest.c:80:20: error: expected expression before ')' token
 if (sizeof ((off_t)))
                    ^
configure:11904: $? = 1
configure: failed program was:
| /* confdefs.h */
| #define PACKAGE_NAME "libmaxminddb"
| #define PACKAGE_TARNAME "libmaxminddb"
| #define PACKAGE_VERSION "1.6.0"
| #define PACKAGE_STRING "libmaxminddb 1.6.0"
| #define PACKAGE_BUGREPORT "support@maxmind.com"
| #define PACKAGE_URL ""
| #define STDC_HEADERS 1
| #define HAVE_SYS_TYPES_H 1
| #define HAVE_SYS_STAT_H 1
| #define HAVE_STDLIB_H 1
| #define HAVE_STRING_H 1
| #define HAVE_MEMORY_H 1
| #define HAVE_STRINGS_H 1
| #define HAVE_INTTYPES_H 1
| #define HAVE_STDINT_H 1
| #define HAVE_UNISTD_H 1
| #define HAVE_DLFCN_H 1
| #define LT_OBJDIR ".libs/"
| #define PACKAGE "libmaxminddb"
| #define VERSION "1.6.0"
| #define restrict __restrict
| #define HAVE_ARPA_INET_H 1
| #define HAVE_ASSERT_H 1
| #define HAVE_FCNTL_H 1
| #define HAVE_INTTYPES_H 1
| #define HAVE_LIBGEN_H 1
| #define HAVE_MATH_H 1
| #define HAVE_NETDB_H 1
| #define HAVE_NETINET_IN_H 1
| #define HAVE_STDARG_H 1
| #define HAVE_STDBOOL_H 1
| #define HAVE_STDINT_H 1
| #define HAVE_STDIO_H 1
| #define HAVE_STDLIB_H 1
| #define HAVE_STRING_H 1
| #define HAVE_SYS_MMAN_H 1
| #define HAVE_SYS_SOCKET_H 1
| #define HAVE_SYS_STAT_H 1
| #define HAVE_SYS_TIME_H 1
| #define HAVE_SYS_TYPES_H 1
| #define HAVE_UNISTD_H 1
| /* end confdefs.h.  */
| #include <stdio.h>
| #ifdef HAVE_SYS_TYPES_H
| # include <sys/types.h>
| #endif
| #ifdef HAVE_SYS_STAT_H
| # include <sys/stat.h>
| #endif
| #ifdef STDC_HEADERS
| # include <stdlib.h>
| # include <stddef.h>
| #else
| # ifdef HAVE_STDLIB_H
| #  include <stdlib.h>
| # endif
| #endif
| #ifdef HAVE_STRING_H
| # if !defined STDC_HEADERS && defined HAVE_MEMORY_H
| #  include <memory.h>
| # endif
| # include <string.h>
| #endif
| #ifdef HAVE_STRINGS_H
| # include <strings.h>
| #endif
| #ifdef HAVE_INTTYPES_H
| # include <inttypes.h>
| #endif
| #ifdef HAVE_STDINT_H
| # include <stdint.h>
| #endif
| #ifdef HAVE_UNISTD_H
| # include <unistd.h>
| #endif
| int
| main ()
| {
| if (sizeof ((off_t)))
| 	    return 0;
|   ;
|   return 0;
| }
configure:11904: result: yes
configure:11915: checking for size_t
configure:11915: gcc -std=c99 -c -g  -fms-extensions  conftest.c >&5
configure:11915: $? = 0
configure:11915: gcc -std=c99 -c -g  -fms-extensions  conftest.c >&5
conftest.c: In function 'main':
conftest.c:80:21: error: expected expression before ')' token
 if (sizeof ((size_t)))
                     ^
configure:11915: $? = 1
configure: failed program was:
| /* confdefs.h */
| #define PACKAGE_NAME "libmaxminddb"
| #define PACKAGE_TARNAME "libmaxminddb"
| #define PACKAGE_VERSION "1.6.0"
| #define PACKAGE_STRING "libmaxminddb 1.6.0"
| #define PACKAGE_BUGREPORT "support@maxmind.com"
| #define PACKAGE_URL ""
| #define STDC_HEADERS 1
| #define HAVE_SYS_TYPES_H 1
| #define HAVE_SYS_STAT_H 1
| #define HAVE_STDLIB_H 1
| #define HAVE_STRING_H 1
| #define HAVE_MEMORY_H 1
| #define HAVE_STRINGS_H 1
| #define HAVE_INTTYPES_H 1
| #define HAVE_STDINT_H 1
| #define HAVE_UNISTD_H 1
| #define HAVE_DLFCN_H 1
| #define LT_OBJDIR ".libs/"
| #define PACKAGE "libmaxminddb"
| #define VERSION "1.6.0"
| #define restrict __restrict
| #define HAVE_ARPA_INET_H 1
| #define HAVE_ASSERT_H 1
| #define HAVE_FCNTL_H 1
| #define HAVE_INTTYPES_H 1
| #define HAVE_LIBGEN_H 1
| #define HAVE_MATH_H 1
| #define HAVE_NETDB_H 1
| #define HAVE_NETINET_IN_H 1
| #define HAVE_STDARG_H 1
| #define HAVE_STDBOOL_H 1
| #define HAVE_STDINT_H 1
| #define HAVE_STDIO_H 1
| #define HAVE_STDLIB_H 1
| #define HAVE_STRING_H 1
| #define HAVE_SYS_MMAN_H 1
| #define HAVE_SYS_SOCKET_H 1
| #define HAVE_SYS_STAT_H 1
| #define HAVE_SYS_TIME_H 1
| #define HAVE_SYS_TYPES_H 1
| #define HAVE_UNISTD_H 1
| /* end confdefs.h.  */
| #include <stdio.h>
| #ifdef HAVE_SYS_TYPES_H
| # include <sys/types.h>
| #endif
| #ifdef HAVE_SYS_STAT_H
| # include <sys/stat.h>
| #endif
| #ifdef STDC_HEADERS
| # include <stdlib.h>
| # include <stddef.h>
| #else
| # ifdef HAVE_STDLIB_H
| #  include <stdlib.h>
| # endif
| #endif
| #ifdef HAVE_STRING_H
| # if !defined STDC_HEADERS && defined HAVE_MEMORY_H
| #  include <memory.h>
| # endif
| # include <string.h>
| #endif
| #ifdef HAVE_STRINGS_H
| # include <strings.h>
| #endif
| #ifdef HAVE_INTTYPES_H
| # include <inttypes.h>
| #endif
| #ifdef HAVE_STDINT_H
| # include <stdint.h>
| #endif
| #ifdef HAVE_UNISTD_H
| # include <unistd.h>
| #endif
| int
| main ()
| {
| if (sizeof ((size_t)))
| 	    return 0;
|   ;
|   return 0;
| }
configure:11915: result: yes
configure:11926: checking for ssize_t
configure:11926: gcc -std=c99 -c -g  -fms-extensions  conftest.c >&5
configure:11926: $? = 0
configure:11926: gcc -std=c99 -c -g  -fms-extensions  conftest.c >&5
conftest.c: In function 'main':
conftest.c:80:22: error: expected expression before ')' token
 if (sizeof ((ssize_t)))
                      ^
configure:11926: $? = 1
configure: failed program was:
| /* confdefs.h */
| #define PACKAGE_NAME "libmaxminddb"
| #define PACKAGE_TARNAME "libmaxminddb"
| #define PACKAGE_VERSION "1.6.0"
| #define PACKAGE_STRING "libmaxminddb 1.6.0"
| #define PACKAGE_BUGREPORT "support@maxmind.com"
| #define PACKAGE_URL ""
| #define STDC_HEADERS 1
| #define HAVE_SYS_TYPES_H 1
| #define HAVE_SYS_STAT_H 1
| #define HAVE_STDLIB_H 1
| #define HAVE_STRING_H 1
| #define HAVE_MEMORY_H 1
| #define HAVE_STRINGS_H 1
| #define HAVE_INTTYPES_H 1
| #define HAVE_STDINT_H 1
| #define HAVE_UNISTD_H 1
| #define HAVE_DLFCN_H 1
| #define LT_OBJDIR ".libs/"
| #define PACKAGE "libmaxminddb"
| #define VERSION "1.6.0"
| #define restrict __restrict
| #define HAVE_ARPA_INET_H 1
| #define HAVE_ASSERT_H 1
| #define HAVE_FCNTL_H 1
| #define HAVE_INTTYPES_H 1
| #define HAVE_LIBGEN_H 1
| #define HAVE_MATH_H 1
| #define HAVE_NETDB_H 1
| #define HAVE_NETINET_IN_H 1
| #define HAVE_STDARG_H 1
| #define HAVE_STDBOOL_H 1
| #define HAVE_STDINT_H 1
| #define HAVE_STDIO_H 1
| #define HAVE_STDLIB_H 1
| #define HAVE_STRING_H 1
| #define HAVE_SYS_MMAN_H 1
| #define HAVE_SYS_SOCKET_H 1
| #define HAVE_SYS_STAT_H 1
| #define HAVE_SYS_TIME_H 1
| #define HAVE_SYS_TYPES_H 1
| #define HAVE_UNISTD_H 1
| /* end confdefs.h.  */
| #include <stdio.h>
| #ifdef HAVE_SYS_TYPES_H
| # include <sys/types.h>
| #endif
| #ifdef HAVE_SYS_STAT_H
| # include <sys/stat.h>
| #endif
| #ifdef STDC_HEADERS
| # include <stdlib.h>
| # include <stddef.h>
| #else
| # ifdef HAVE_STDLIB_H
| #  include <stdlib.h>
| # endif
| #endif
| #ifdef HAVE_STRING_H
| # if !defined STDC_HEADERS && defined HAVE_MEMORY_H
| #  include <memory.h>
| # endif
| # include <string.h>
| #endif
| #ifdef HAVE_STRINGS_H
| # include <strings.h>
| #endif
| #ifdef HAVE_INTTYPES_H
| # include <inttypes.h>
| #endif
| #ifdef HAVE_STDINT_H
| # include <stdint.h>
| #endif
| #ifdef HAVE_UNISTD_H
| # include <unistd.h>
| #endif
| int
| main ()
| {
| if (sizeof ((ssize_t)))
| 	    return 0;
|   ;
|   return 0;
| }
configure:11926: result: yes
configure:11937: checking for uint8_t
configure:11937: gcc -std=c99 -c -g  -fms-extensions  conftest.c >&5
configure:11937: $? = 0
configure:11937: result: yes
configure:11951: checking for uint32_t
configure:11951: gcc -std=c99 -c -g  -fms-extensions  conftest.c >&5
configure:11951: $? = 0
configure:11951: result: yes
configure:11965: checking for uint64_t
configure:11965: gcc -std=c99 -c -g  -fms-extensions  conftest.c >&5
configure:11965: $? = 0
configure:11965: result: yes
configure:11996: checking for unsigned __int128
configure:11996: gcc -std=c99 -c -g  -fms-extensions  conftest.c >&5
configure:11996: $? = 0
configure:11996: gcc -std=c99 -c -g  -fms-extensions  conftest.c >&5
conftest.c: In function 'main':
conftest.c:80:32: error: expected expression before ')' token
 if (sizeof ((unsigned __int128)))
                                ^
configure:11996: $? = 1
configure: failed program was:
| /* confdefs.h */
| #define PACKAGE_NAME "libmaxminddb"
| #define PACKAGE_TARNAME "libmaxminddb"
| #define PACKAGE_VERSION "1.6.0"
| #define PACKAGE_STRING "libmaxminddb 1.6.0"
| #define PACKAGE_BUGREPORT "support@maxmind.com"
| #define PACKAGE_URL ""
| #define STDC_HEADERS 1
| #define HAVE_SYS_TYPES_H 1
| #define HAVE_SYS_STAT_H 1
| #define HAVE_STDLIB_H 1
| #define HAVE_STRING_H 1
| #define HAVE_MEMORY_H 1
| #define HAVE_STRINGS_H 1
| #define HAVE_INTTYPES_H 1
| #define HAVE_STDINT_H 1
| #define HAVE_UNISTD_H 1
| #define HAVE_DLFCN_H 1
| #define LT_OBJDIR ".libs/"
| #define PACKAGE "libmaxminddb"
| #define VERSION "1.6.0"
| #define restrict __restrict
| #define HAVE_ARPA_INET_H 1
| #define HAVE_ASSERT_H 1
| #define HAVE_FCNTL_H 1
| #define HAVE_INTTYPES_H 1
| #define HAVE_LIBGEN_H 1
| #define HAVE_MATH_H 1
| #define HAVE_NETDB_H 1
| #define HAVE_NETINET_IN_H 1
| #define HAVE_STDARG_H 1
| #define HAVE_STDBOOL_H 1
| #define HAVE_STDINT_H 1
| #define HAVE_STDIO_H 1
| #define HAVE_STDLIB_H 1
| #define HAVE_STRING_H 1
| #define HAVE_SYS_MMAN_H 1
| #define HAVE_SYS_SOCKET_H 1
| #define HAVE_SYS_STAT_H 1
| #define HAVE_SYS_TIME_H 1
| #define HAVE_SYS_TYPES_H 1
| #define HAVE_UNISTD_H 1
| /* end confdefs.h.  */
| #include <stdio.h>
| #ifdef HAVE_SYS_TYPES_H
| # include <sys/types.h>
| #endif
| #ifdef HAVE_SYS_STAT_H
| # include <sys/stat.h>
| #endif
| #ifdef STDC_HEADERS
| # include <stdlib.h>
| # include <stddef.h>
| #else
| # ifdef HAVE_STDLIB_H
| #  include <stdlib.h>
| # endif
| #endif
| #ifdef HAVE_STRING_H
| # if !defined STDC_HEADERS && defined HAVE_MEMORY_H
| #  include <memory.h>
| # endif
| # include <string.h>
| #endif
| #ifdef HAVE_STRINGS_H
| # include <strings.h>
| #endif
| #ifdef HAVE_INTTYPES_H
| # include <inttypes.h>
| #endif
| #ifdef HAVE_STDINT_H
| # include <stdint.h>
| #endif
| #ifdef HAVE_UNISTD_H
| # include <unistd.h>
| #endif
| int
| main ()
| {
| if (sizeof ((unsigned __int128)))
| 	    return 0;
|   ;
|   return 0;
| }
configure:11996: result: yes
configure:12020: checking for boolean
configure:12020: gcc -std=c99 -c -g  -fms-extensions  conftest.c >&5
conftest.c: In function 'main':
conftest.c:81:13: error: 'boolean' undeclared (first use in this function)
 if (sizeof (boolean))
             ^
conftest.c:81:13: note: each undeclared identifier is reported only once for each function it appears in
configure:12020: $? = 1
configure: failed program was:
| /* confdefs.h */
| #define PACKAGE_NAME "libmaxminddb"
| #define PACKAGE_TARNAME "libmaxminddb"
| #define PACKAGE_VERSION "1.6.0"
| #define PACKAGE_STRING "libmaxminddb 1.6.0"
| #define PACKAGE_BUGREPORT "support@maxmind.com"
| #define PACKAGE_URL ""
| #define STDC_HEADERS 1
| #define HAVE_SYS_TYPES_H 1
| #define HAVE_SYS_STAT_H 1
| #define HAVE_STDLIB_H 1
| #define HAVE_STRING_H 1
| #define HAVE_MEMORY_H 1
| #define HAVE_STRINGS_H 1
| #define HAVE_INTTYPES_H 1
| #define HAVE_STDINT_H 1
| #define HAVE_UNISTD_H 1
| #define HAVE_DLFCN_H 1
| #define LT_OBJDIR ".libs/"
| #define PACKAGE "libmaxminddb"
| #define VERSION "1.6.0"
| #define restrict __restrict
| #define HAVE_ARPA_INET_H 1
| #define HAVE_ASSERT_H 1
| #define HAVE_FCNTL_H 1
| #define HAVE_INTTYPES_H 1
| #define HAVE_LIBGEN_H 1
| #define HAVE_MATH_H 1
| #define HAVE_NETDB_H 1
| #define HAVE_NETINET_IN_H 1
| #define HAVE_STDARG_H 1
| #define HAVE_STDBOOL_H 1
| #define HAVE_STDINT_H 1
| #define HAVE_STDIO_H 1
| #define HAVE_STDLIB_H 1
| #define HAVE_STRING_H 1
| #define HAVE_SYS_MMAN_H 1
| #define HAVE_SYS_SOCKET_H 1
| #define HAVE_SYS_STAT_H 1
| #define HAVE_SYS_TIME_H 1
| #define HAVE_SYS_TYPES_H 1
| #define HAVE_UNISTD_H 1
| #define MMDB_UINT128_IS_BYTE_ARRAY 0
| /* end confdefs.h.  */
| #include <stdio.h>
| #ifdef HAVE_SYS_TYPES_H
| # include <sys/types.h>
| #endif
| #ifdef HAVE_SYS_STAT_H
| # include <sys/stat.h>
| #endif
| #ifdef STDC_HEADERS
| # include <stdlib.h>
| # include <stddef.h>
| #else
| # ifdef HAVE_STDLIB_H
| #  include <stdlib.h>
| # endif
| #endif
| #ifdef HAVE_STRING_H
| # if !defined STDC_HEADERS && defined HAVE_MEMORY_H
| #  include <memory.h>
| # endif
| # include <string.h>
| #endif
| #ifdef HAVE_STRINGS_H
| # include <strings.h>
| #endif
| #ifdef HAVE_INTTYPES_H
| # include <inttypes.h>
| #endif
| #ifdef HAVE_STDINT_H
| # include <stdint.h>
| #endif
| #ifdef HAVE_UNISTD_H
| # include <unistd.h>
| #endif
| int
| main ()
| {
| if (sizeof (boolean))
| 	 return 0;
|   ;
|   return 0;
| }
configure:12020: result: no
configure:12034: checking for clock_gettime
configure:12034: gcc -std=c99 -o conftest -g  -fms-extensions   conftest.c  >&5
configure:12034: $? = 0
configure:12034: result: yes
configure:12034: checking for open_memstream
configure:12034: gcc -std=c99 -o conftest -g  -fms-extensions   conftest.c  >&5
configure:12034: $? = 0
configure:12034: result: yes
configure:12044: checking whether byte ordering is bigendian
configure:12059: gcc -std=c99 -c -g  -fms-extensions  conftest.c >&5
conftest.c:48:9: error: unknown type name 'not'
         not a universal capable compiler
         ^
conftest.c:48:15: error: expected '=', ',', ';', 'asm' or '__attribute__' before 'universal'
         not a universal capable compiler
               ^
conftest.c:48:15: error: unknown type name 'universal'
configure:12059: $? = 1
configure: failed program was:
| /* confdefs.h */
| #define PACKAGE_NAME "libmaxminddb"
| #define PACKAGE_TARNAME "libmaxminddb"
| #define PACKAGE_VERSION "1.6.0"
| #define PACKAGE_STRING "libmaxminddb 1.6.0"
| #define PACKAGE_BUGREPORT "support@maxmind.com"
| #define PACKAGE_URL ""
| #define STDC_HEADERS 1
| #define HAVE_SYS_TYPES_H 1
| #define HAVE_SYS_STAT_H 1
| #define HAVE_STDLIB_H 1
| #define HAVE_STRING_H 1
| #define HAVE_MEMORY_H 1
| #define HAVE_STRINGS_H 1
| #define HAVE_INTTYPES_H 1
| #define HAVE_STDINT_H 1
| #define HAVE_UNISTD_H 1
| #define HAVE_DLFCN_H 1
| #define LT_OBJDIR ".libs/"
| #define PACKAGE "libmaxminddb"
| #define VERSION "1.6.0"
| #define restrict __restrict
| #define HAVE_ARPA_INET_H 1
| #define HAVE_ASSERT_H 1
| #define HAVE_FCNTL_H 1
| #define HAVE_INTTYPES_H 1
| #define HAVE_LIBGEN_H 1
| #define HAVE_MATH_H 1
| #define HAVE_NETDB_H 1
| #define HAVE_NETINET_IN_H 1
| #define HAVE_STDARG_H 1
| #define HAVE_STDBOOL_H 1
| #define HAVE_STDINT_H 1
| #define HAVE_STDIO_H 1
| #define HAVE_STDLIB_H 1
| #define HAVE_STRING_H 1
| #define HAVE_SYS_MMAN_H 1
| #define HAVE_SYS_SOCKET_H 1
| #define HAVE_SYS_STAT_H 1
| #define HAVE_SYS_TIME_H 1
| #define HAVE_SYS_TYPES_H 1
| #define HAVE_UNISTD_H 1
| #define MMDB_UINT128_IS_BYTE_ARRAY 0
| #define HAVE_CLOCK_GETTIME 1
| #define HAVE_OPEN_MEMSTREAM 1
| /* end confdefs.h.  */
| #ifndef __APPLE_CC__
| 	       not a universal capable compiler
| 	     #endif
| 	     typedef int dummy;
| 
configure:12104: gcc -std=c99 -c -g  -fms-extensions  conftest.c >&5
conftest.c: In function 'main':
conftest.c:54:8: error: unknown type name 'bogus'
        bogus endian macros
        ^
conftest.c:54:21: error: expected '=', ',', ';', 'asm' or '__attribute__' before 'macros'
        bogus endian macros
                     ^
configure:12104: $? = 1
configure: failed program was:
| /* confdefs.h */
| #define PACKAGE_NAME "libmaxminddb"
| #define PACKAGE_TARNAME "libmaxminddb"
| #define PACKAGE_VERSION "1.6.0"
| #define PACKAGE_STRING "libmaxminddb 1.6.0"
| #define PACKAGE_BUGREPORT "support@maxmind.com"
| #define PACKAGE_URL ""
| #define STDC_HEADERS 1
| #define HAVE_SYS_TYPES_H 1
| #define HAVE_SYS_STAT_H 1
| #define HAVE_STDLIB_H 1
| #define HAVE_STRING_H 1
| #define HAVE_MEMORY_H 1
| #define HAVE_STRINGS_H 1
| #define HAVE_INTTYPES_H 1
| #define HAVE_STDINT_H 1
| #define HAVE_UNISTD_H 1
| #define HAVE_DLFCN_H 1
| #define LT_OBJDIR ".libs/"
| #define PACKAGE "libmaxminddb"
| #define VERSION "1.6.0"
| #define restrict __restrict
| #define HAVE_ARPA_INET_H 1
| #define HAVE_ASSERT_H 1
| #define HAVE_FCNTL_H 1
| #define HAVE_INTTYPES_H 1
| #define HAVE_LIBGEN_H 1
| #define HAVE_MATH_H 1
| #define HAVE_NETDB_H 1
| #define HAVE_NETINET_IN_H 1
| #define HAVE_STDARG_H 1
| #define HAVE_STDBOOL_H 1
| #define HAVE_STDINT_H 1
| #define HAVE_STDIO_H 1
| #define HAVE_STDLIB_H 1
| #define HAVE_STRING_H 1
| #define HAVE_SYS_MMAN_H 1
| #define HAVE_SYS_SOCKET_H 1
| #define HAVE_SYS_STAT_H 1
| #define HAVE_SYS_TIME_H 1
| #define HAVE_SYS_TYPES_H 1
| #define HAVE_UNISTD_H 1
| #define MMDB_UINT128_IS_BYTE_ARRAY 0
| #define HAVE_CLOCK_GETTIME 1
| #define HAVE_OPEN_MEMSTREAM 1
| /* end confdefs.h.  */
| #include <sys/types.h>
| 	     #include <sys/param.h>
| 
| int
| main ()
| {
| #if ! (defined BYTE_ORDER && defined BIG_ENDIAN 		     && defined LITTLE_ENDIAN && BYTE_ORDER && BIG_ENDIAN 		     && LITTLE_ENDIAN)
| 	      bogus endian macros
| 	     #endif
| 
|   ;
|   return 0;
| }
configure:12148: gcc -std=c99 -c -g  -fms-extensions  conftest.c >&5
conftest.c: In function 'main':
conftest.c:53:8: error: unknown type name 'bogus'
        bogus endian macros
        ^
conftest.c:53:21: error: expected '=', ',', ';', 'asm' or '__attribute__' before 'macros'
        bogus endian macros
                     ^
configure:12148: $? = 1
configure: failed program was:
| /* confdefs.h */
| #define PACKAGE_NAME "libmaxminddb"
| #define PACKAGE_TARNAME "libmaxminddb"
| #define PACKAGE_VERSION "1.6.0"
| #define PACKAGE_STRING "libmaxminddb 1.6.0"
| #define PACKAGE_BUGREPORT "support@maxmind.com"
| #define PACKAGE_URL ""
| #define STDC_HEADERS 1
| #define HAVE_SYS_TYPES_H 1
| #define HAVE_SYS_STAT_H 1
| #define HAVE_STDLIB_H 1
| #define HAVE_STRING_H 1
| #define HAVE_MEMORY_H 1
| #define HAVE_STRINGS_H 1
| #define HAVE_INTTYPES_H 1
| #define HAVE_STDINT_H 1
| #define HAVE_UNISTD_H 1
| #define HAVE_DLFCN_H 1
| #define LT_OBJDIR ".libs/"
| #define PACKAGE "libmaxminddb"
| #define VERSION "1.6.0"
| #define restrict __restrict
| #define HAVE_ARPA_INET_H 1
| #define HAVE_ASSERT_H 1
| #define HAVE_FCNTL_H 1
| #define HAVE_INTTYPES_H 1
| #define HAVE_LIBGEN_H 1
| #define HAVE_MATH_H 1
| #define HAVE_NETDB_H 1
| #define HAVE_NETINET_IN_H 1
| #define HAVE_STDARG_H 1
| #define HAVE_STDBOOL_H 1
| #define HAVE_STDINT_H 1
| #define HAVE_STDIO_H 1
| #define HAVE_STDLIB_H 1
| #define HAVE_STRING_H 1
| #define HAVE_SYS_MMAN_H 1
| #define HAVE_SYS_SOCKET_H 1
| #define HAVE_SYS_STAT_H 1
| #define HAVE_SYS_TIME_H 1
| #define HAVE_SYS_TYPES_H 1
| #define HAVE_UNISTD_H 1
| #define MMDB_UINT128_IS_BYTE_ARRAY 0
| #define HAVE_CLOCK_GETTIME 1
| #define HAVE_OPEN_MEMSTREAM 1
| /* end confdefs.h.  */
| #include <limits.h>
| 
| int
| main ()
| {
| #if ! (defined _LITTLE_ENDIAN || defined _BIG_ENDIAN)
| 	      bogus endian macros
| 	     #endif
| 
|   ;
|   return 0;
| }
configure:12239: gcc -std=c99 -o conftest -g  -fms-extensions   conftest.c  >&5
configure:12239: $? = 0
configure:12239: ./conftest
configure:12239: $? = 0
configure:12250: result: no
configure:12278: checking for stdlib.h
configure:12278: result: yes
configure:12278: checking for unistd.h
configure:12278: result: yes
configure:12278: checking for sys/param.h
configure:12278: gcc -std=c99 -c -g  -fms-extensions  conftest.c >&5
configure:12278: $? = 0
configure:12278: result: yes
configure:12298: checking for getpagesize
configure:12298: gcc -std=c99 -o conftest -g  -fms-extensions   conftest.c  >&5
configure:12298: $? = 0
configure:12298: result: yes
configure:12307: checking for working mmap
configure:12454: gcc -std=c99 -o conftest -g  -fms-extensions   conftest.c  >&5
conftest.c: In function 'main':
conftest.c:157:3: warning: implicit declaration of function 'getpagesize' [-Wimplicit-function-declaration]
   pagesize = getpagesize ();
   ^
configure:12454: $? = 0
configure:12454: ./conftest
configure:12454: $? = 0
configure:12464: result: yes
configure:12474: checking for library containing fabs
configure:12505: gcc -std=c99 -o conftest -g  -fms-extensions   conftest.c  >&5
conftest.c:60:6: warning: conflicting types for built-in function 'fabs' [enabled by default]
 char fabs ();
      ^
/tmp/ccQ69mpT.o: In function `main':
/home/share/login_2/server/depends/libmaxminddb-1.6.0/conftest.c:64: undefined reference to `fabs'
collect2: error: ld returned 1 exit status
configure:12505: $? = 1
configure: failed program was:
| /* confdefs.h */
| #define PACKAGE_NAME "libmaxminddb"
| #define PACKAGE_TARNAME "libmaxminddb"
| #define PACKAGE_VERSION "1.6.0"
| #define PACKAGE_STRING "libmaxminddb 1.6.0"
| #define PACKAGE_BUGREPORT "support@maxmind.com"
| #define PACKAGE_URL ""
| #define STDC_HEADERS 1
| #define HAVE_SYS_TYPES_H 1
| #define HAVE_SYS_STAT_H 1
| #define HAVE_STDLIB_H 1
| #define HAVE_STRING_H 1
| #define HAVE_MEMORY_H 1
| #define HAVE_STRINGS_H 1
| #define HAVE_INTTYPES_H 1
| #define HAVE_STDINT_H 1
| #define HAVE_UNISTD_H 1
| #define HAVE_DLFCN_H 1
| #define LT_OBJDIR ".libs/"
| #define PACKAGE "libmaxminddb"
| #define VERSION "1.6.0"
| #define restrict __restrict
| #define HAVE_ARPA_INET_H 1
| #define HAVE_ASSERT_H 1
| #define HAVE_FCNTL_H 1
| #define HAVE_INTTYPES_H 1
| #define HAVE_LIBGEN_H 1
| #define HAVE_MATH_H 1
| #define HAVE_NETDB_H 1
| #define HAVE_NETINET_IN_H 1
| #define HAVE_STDARG_H 1
| #define HAVE_STDBOOL_H 1
| #define HAVE_STDINT_H 1
| #define HAVE_STDIO_H 1
| #define HAVE_STDLIB_H 1
| #define HAVE_STRING_H 1
| #define HAVE_SYS_MMAN_H 1
| #define HAVE_SYS_SOCKET_H 1
| #define HAVE_SYS_STAT_H 1
| #define HAVE_SYS_TIME_H 1
| #define HAVE_SYS_TYPES_H 1
| #define HAVE_UNISTD_H 1
| #define MMDB_UINT128_IS_BYTE_ARRAY 0
| #define HAVE_CLOCK_GETTIME 1
| #define HAVE_OPEN_MEMSTREAM 1
| #define MMDB_LITTLE_ENDIAN 1
| #define HAVE_STDLIB_H 1
| #define HAVE_UNISTD_H 1
| #define HAVE_SYS_PARAM_H 1
| #define HAVE_GETPAGESIZE 1
| #define HAVE_MMAP 1
| /* end confdefs.h.  */
| 
| /* Override any GCC internal prototype to avoid an error.
|    Use char because int might match the return type of a GCC
|    builtin and then its argument prototype would still apply.  */
| #ifdef __cplusplus
| extern "C"
| #endif
| char fabs ();
| int
| main ()
| {
| return fabs ();
|   ;
|   return 0;
| }
configure:12505: gcc -std=c99 -o conftest -g  -fms-extensions   conftest.c -lm   >&5
conftest.c:60:6: warning: conflicting types for built-in function 'fabs' [enabled by default]
 char fabs ();
      ^
configure:12505: $? = 0
configure:12522: result: -lm
configure:12530: checking for library containing fabsf
configure:12561: gcc -std=c99 -o conftest -g  -fms-extensions   conftest.c -lm  >&5
conftest.c:60:6: warning: conflicting types for built-in function 'fabsf' [enabled by default]
 char fabsf ();
      ^
configure:12561: $? = 0
configure:12578: result: none required
configure:12586: checking for library containing getaddrinfo
configure:12617: gcc -std=c99 -o conftest -g  -fms-extensions   conftest.c -lm  >&5
configure:12617: $? = 0
configure:12634: result: none required
configure:12806: checking that generated files are newer than configure
configure:12812: result: done
configure:12852: creating ./config.status

## ---------------------- ##
## Running config.status. ##
## ---------------------- ##

This file was extended by libmaxminddb config.status 1.6.0, which was
generated by GNU Autoconf 2.69.  Invocation command line was

  CONFIG_FILES    = 
  CONFIG_HEADERS  = 
  CONFIG_LINKS    = 
  CONFIG_COMMANDS = 
  $ ./config.status 

on localhost.localdomain

config.status:1127: creating src/libmaxminddb.pc
config.status:1127: creating Makefile
config.status:1127: creating src/Makefile
config.status:1127: creating bin/Makefile
config.status:1127: creating t/Makefile
config.status:1127: creating config.h
config.status:1127: creating include/maxminddb_config.h
config.status:1308: include/maxminddb_config.h is unchanged
config.status:1356: executing libtool commands
config.status:1356: executing depfiles commands

## ---------------- ##
## Cache variables. ##
## ---------------- ##

ac_cv_build=x86_64-unknown-linux-gnu
ac_cv_c_bigendian=no
ac_cv_c_compiler_gnu=yes
ac_cv_c_restrict=__restrict
ac_cv_c_uint32_t=yes
ac_cv_c_uint64_t=yes
ac_cv_c_uint8_t=yes
ac_cv_env_CC_set=
ac_cv_env_CC_value=
ac_cv_env_CFLAGS_set=
ac_cv_env_CFLAGS_value=
ac_cv_env_CPPFLAGS_set=
ac_cv_env_CPPFLAGS_value=
ac_cv_env_CPP_set=
ac_cv_env_CPP_value=
ac_cv_env_LDFLAGS_set=
ac_cv_env_LDFLAGS_value=
ac_cv_env_LIBS_set=
ac_cv_env_LIBS_value=
ac_cv_env_PKG_CONFIG_LIBDIR_set=
ac_cv_env_PKG_CONFIG_LIBDIR_value=
ac_cv_env_PKG_CONFIG_PATH_set=
ac_cv_env_PKG_CONFIG_PATH_value=
ac_cv_env_PKG_CONFIG_set=
ac_cv_env_PKG_CONFIG_value=
ac_cv_env_build_alias_set=
ac_cv_env_build_alias_value=
ac_cv_env_host_alias_set=
ac_cv_env_host_alias_value=
ac_cv_env_target_alias_set=
ac_cv_env_target_alias_value=
ac_cv_func_clock_gettime=yes
ac_cv_func_getpagesize=yes
ac_cv_func_mmap_fixed_mapped=yes
ac_cv_func_open_memstream=yes
ac_cv_header_arpa_inet_h=yes
ac_cv_header_assert_h=yes
ac_cv_header_dlfcn_h=yes
ac_cv_header_fcntl_h=yes
ac_cv_header_inttypes_h=yes
ac_cv_header_libgen_h=yes
ac_cv_header_math_h=yes
ac_cv_header_memory_h=yes
ac_cv_header_netdb_h=yes
ac_cv_header_netinet_in_h=yes
ac_cv_header_stdarg_h=yes
ac_cv_header_stdbool_h=yes
ac_cv_header_stdc=yes
ac_cv_header_stdint_h=yes
ac_cv_header_stdio_h=yes
ac_cv_header_stdlib_h=yes
ac_cv_header_string_h=yes
ac_cv_header_strings_h=yes
ac_cv_header_sys_mman_h=yes
ac_cv_header_sys_param_h=yes
ac_cv_header_sys_socket_h=yes
ac_cv_header_sys_stat_h=yes
ac_cv_header_sys_time_h=yes
ac_cv_header_sys_types_h=yes
ac_cv_header_unistd_h=yes
ac_cv_host=x86_64-unknown-linux-gnu
ac_cv_objext=o
ac_cv_path_EGREP='/usr/bin/grep -E'
ac_cv_path_FGREP='/usr/bin/grep -F'
ac_cv_path_GREP=/usr/bin/grep
ac_cv_path_SED=/usr/bin/sed
ac_cv_path_ac_pt_PKG_CONFIG=/usr/bin/pkg-config
ac_cv_path_install='/usr/bin/install -c'
ac_cv_path_mkdir=/usr/bin/mkdir
ac_cv_prog_AWK=gawk
ac_cv_prog_CPP='gcc -E'
ac_cv_prog_ac_ct_AR=ar
ac_cv_prog_ac_ct_CC=gcc
ac_cv_prog_ac_ct_OBJDUMP=objdump
ac_cv_prog_ac_ct_RANLIB=ranlib
ac_cv_prog_ac_ct_STRIP=strip
ac_cv_prog_cc_c89=
ac_cv_prog_cc_c99=-std=gnu99
ac_cv_prog_cc_g=yes
ac_cv_prog_make_make_set=yes
ac_cv_search_fabs=-lm
ac_cv_search_fabsf='none required'
ac_cv_search_getaddrinfo='none required'
ac_cv_type_boolean=no
ac_cv_type_off_t=yes
ac_cv_type_size_t=yes
ac_cv_type_ssize_t=yes
ac_cv_type_unsigned___int128=yes
am_cv_CC_dependencies_compiler_type=gcc3
am_cv_make_support_nested_variables=yes
lt_cv_ar_at_file=@
lt_cv_archive_cmds_need_lc=no
lt_cv_deplibs_check_method=pass_all
lt_cv_file_magic_cmd='$MAGIC_CMD'
lt_cv_file_magic_test_file=
lt_cv_ld_reload_flag=-r
lt_cv_nm_interface='BSD nm'
lt_cv_objdir=.libs
lt_cv_path_LD=/usr/bin/ld
lt_cv_path_NM='/usr/bin/nm -B'
lt_cv_path_mainfest_tool=no
lt_cv_prog_compiler_c_o=yes
lt_cv_prog_compiler_pic='-fPIC -DPIC'
lt_cv_prog_compiler_pic_works=yes
lt_cv_prog_compiler_rtti_exceptions=no
lt_cv_prog_compiler_static_works=no
lt_cv_prog_gnu_ld=yes
lt_cv_sharedlib_from_linklib_cmd='printf %s\n'
lt_cv_shlibpath_overrides_runpath=no
lt_cv_sys_global_symbol_pipe='sed -n -e '\''s/^.*[	 ]\([ABCDGIRSTW][ABCDGIRSTW]*\)[	 ][	 ]*\([_A-Za-z][_A-Za-z0-9]*\)$/\1 \2 \2/p'\'' | sed '\''/ __gnu_lto/d'\'''
lt_cv_sys_global_symbol_to_c_name_address='sed -n -e '\''s/^: \([^ ]*\)[ ]*$/  {\"\1\", (void *) 0},/p'\'' -e '\''s/^[ABCDGIRSTW]* \([^ ]*\) \([^ ]*\)$/  {"\2", (void *) \&\2},/p'\'''
lt_cv_sys_global_symbol_to_c_name_address_lib_prefix='sed -n -e '\''s/^: \([^ ]*\)[ ]*$/  {\"\1\", (void *) 0},/p'\'' -e '\''s/^[ABCDGIRSTW]* \([^ ]*\) \(lib[^ ]*\)$/  {"\2", (void *) \&\2},/p'\'' -e '\''s/^[ABCDGIRSTW]* \([^ ]*\) \([^ ]*\)$/  {"lib\2", (void *) \&\2},/p'\'''
lt_cv_sys_global_symbol_to_cdecl='sed -n -e '\''s/^T .* \(.*\)$/extern int \1();/p'\'' -e '\''s/^[ABCDGIRSTW]* .* \(.*\)$/extern char \1;/p'\'''
lt_cv_sys_max_cmd_len=1572864
lt_cv_to_host_file_cmd=func_convert_file_noop
lt_cv_to_tool_file_cmd=func_convert_file_noop

## ----------------- ##
## Output variables. ##
## ----------------- ##

ACLOCAL='${SHELL} /home/share/login_2/server/depends/libmaxminddb-1.6.0/missing aclocal-1.13'
AMDEPBACKSLASH='\'
AMDEP_FALSE='#'
AMDEP_TRUE=''
AMTAR='$${TAR-tar}'
AM_BACKSLASH='\'
AM_DEFAULT_V='$(AM_DEFAULT_VERBOSITY)'
AM_DEFAULT_VERBOSITY='1'
AM_V='$(V)'
AR='ar'
AUTOCONF='${SHELL} /home/share/login_2/server/depends/libmaxminddb-1.6.0/missing autoconf'
AUTOHEADER='${SHELL} /home/share/login_2/server/depends/libmaxminddb-1.6.0/missing autoheader'
AUTOMAKE='${SHELL} /home/share/login_2/server/depends/libmaxminddb-1.6.0/missing automake-1.13'
AWK='gawk'
BINARIES_FALSE='#'
BINARIES_TRUE=''
CC='gcc -std=c99'
CCDEPMODE='depmode=gcc3'
CFLAGS='-g  -fms-extensions'
CPP='gcc -E'
CPPFLAGS=''
CYGPATH_W='echo'
DEBUG_FALSE=''
DEBUG_TRUE='#'
DEFS='-DHAVE_CONFIG_H'
DEPDIR='.deps'
DLLTOOL='false'
DSYMUTIL=''
DUMPBIN=''
ECHO_C=''
ECHO_N='-n'
ECHO_T=''
EGREP='/usr/bin/grep -E'
EXEEXT=''
FGREP='/usr/bin/grep -F'
GREP='/usr/bin/grep'
INSTALL_DATA='${INSTALL} -m 644'
INSTALL_PROGRAM='${INSTALL}'
INSTALL_SCRIPT='${INSTALL}'
INSTALL_STRIP_PROGRAM='$(install_sh) -c -s'
LD='/usr/bin/ld -m elf_x86_64'
LDFLAGS=''
LIBOBJS=''
LIBS='-lm '
LIBTOOL='$(SHELL) $(top_builddir)/libtool'
LIPO=''
LN_S='ln -s'
LTLIBOBJS=''
MAKEINFO='${SHELL} /home/share/login_2/server/depends/libmaxminddb-1.6.0/missing makeinfo'
MANIFEST_TOOL=':'
MKDIR_P='/usr/bin/mkdir -p'
NM='/usr/bin/nm -B'
NMEDIT=''
OBJDUMP='objdump'
OBJEXT='o'
OTOOL64=''
OTOOL=''
PACKAGE='libmaxminddb'
PACKAGE_BUGREPORT='support@maxmind.com'
PACKAGE_NAME='libmaxminddb'
PACKAGE_STRING='libmaxminddb 1.6.0'
PACKAGE_TARNAME='libmaxminddb'
PACKAGE_URL=''
PACKAGE_VERSION='1.6.0'
PATH_SEPARATOR=':'
PKG_CONFIG='/usr/bin/pkg-config'
PKG_CONFIG_LIBDIR=''
PKG_CONFIG_PATH=''
RANLIB='ranlib'
SED='/usr/bin/sed'
SET_MAKE=''
SHELL='/bin/sh'
STRIP='strip'
TESTS_FALSE='#'
TESTS_TRUE=''
VERSION='1.6.0'
WINDOWS_FALSE=''
WINDOWS_TRUE='#'
ac_ct_AR='ar'
ac_ct_CC='gcc'
ac_ct_DUMPBIN=''
am__EXEEXT_FALSE=''
am__EXEEXT_TRUE='#'
am__fastdepCC_FALSE='#'
am__fastdepCC_TRUE=''
am__include='include'
am__isrc=''
am__leading_dot='.'
am__nodep='_no'
am__quote=''
am__tar='$${TAR-tar} chof - "$$tardir"'
am__untar='$${TAR-tar} xf -'
bindir='${exec_prefix}/bin'
build='x86_64-unknown-linux-gnu'
build_alias=''
build_cpu='x86_64'
build_os='linux-gnu'
build_vendor='unknown'
datadir='${datarootdir}'
datarootdir='${prefix}/share'
docdir='${datarootdir}/doc/${PACKAGE_TARNAME}'
dvidir='${docdir}'
exec_prefix='${prefix}'
host='x86_64-unknown-linux-gnu'
host_alias=''
host_cpu='x86_64'
host_os='linux-gnu'
host_vendor='unknown'
htmldir='${docdir}'
includedir='${prefix}/include'
infodir='${datarootdir}/info'
install_sh='${SHELL} /home/share/login_2/server/depends/libmaxminddb-1.6.0/install-sh'
libdir='${exec_prefix}/lib'
libexecdir='${exec_prefix}/libexec'
localedir='${datarootdir}/locale'
localstatedir='${prefix}/var'
mandir='${datarootdir}/man'
mkdir_p='$(MKDIR_P)'
oldincludedir='/usr/include'
pdfdir='${docdir}'
pkgconfigdir='${libdir}/pkgconfig'
prefix='/usr/local'
program_transform_name='s,x,x,'
psdir='${docdir}'
sbindir='${exec_prefix}/sbin'
sharedstatedir='${prefix}/com'
sysconfdir='${prefix}/etc'
target_alias=''

## ----------- ##
## confdefs.h. ##
## ----------- ##

/* confdefs.h */
#define PACKAGE_NAME "libmaxminddb"
#define PACKAGE_TARNAME "libmaxminddb"
#define PACKAGE_VERSION "1.6.0"
#define PACKAGE_STRING "libmaxminddb 1.6.0"
#define PACKAGE_BUGREPORT "support@maxmind.com"
#define PACKAGE_URL ""
#define STDC_HEADERS 1
#define HAVE_SYS_TYPES_H 1
#define HAVE_SYS_STAT_H 1
#define HAVE_STDLIB_H 1
#define HAVE_STRING_H 1
#define HAVE_MEMORY_H 1
#define HAVE_STRINGS_H 1
#define HAVE_INTTYPES_H 1
#define HAVE_STDINT_H 1
#define HAVE_UNISTD_H 1
#define HAVE_DLFCN_H 1
#define LT_OBJDIR ".libs/"
#define PACKAGE "libmaxminddb"
#define VERSION "1.6.0"
#define restrict __restrict
#define HAVE_ARPA_INET_H 1
#define HAVE_ASSERT_H 1
#define HAVE_FCNTL_H 1
#define HAVE_INTTYPES_H 1
#define HAVE_LIBGEN_H 1
#define HAVE_MATH_H 1
#define HAVE_NETDB_H 1
#define HAVE_NETINET_IN_H 1
#define HAVE_STDARG_H 1
#define HAVE_STDBOOL_H 1
#define HAVE_STDINT_H 1
#define HAVE_STDIO_H 1
#define HAVE_STDLIB_H 1
#define HAVE_STRING_H 1
#define HAVE_SYS_MMAN_H 1
#define HAVE_SYS_SOCKET_H 1
#define HAVE_SYS_STAT_H 1
#define HAVE_SYS_TIME_H 1
#define HAVE_SYS_TYPES_H 1
#define HAVE_UNISTD_H 1
#define MMDB_UINT128_IS_BYTE_ARRAY 0
#define HAVE_CLOCK_GETTIME 1
#define HAVE_OPEN_MEMSTREAM 1
#define MMDB_LITTLE_ENDIAN 1
#define HAVE_STDLIB_H 1
#define HAVE_UNISTD_H 1
#define HAVE_SYS_PARAM_H 1
#define HAVE_GETPAGESIZE 1
#define HAVE_MMAP 1

configure: exit 0

## ---------------------- ##
## Running config.status. ##
## ---------------------- ##

This file was extended by libmaxminddb config.status 1.6.0, which was
generated by GNU Autoconf 2.69.  Invocation command line was

  CONFIG_FILES    = 
  CONFIG_HEADERS  = 
  CONFIG_LINKS    = 
  CONFIG_COMMANDS = 
  $ ./config.status config.h

on localhost.localdomain

config.status:1127: creating config.h
config.status:1308: config.h is unchanged
